&&&&&&&&&&&&&&&&&&&&&&&&&&&&&&&&&&&&&&&&&&&&&&&&&&&&&&&&&&&&&&&&&&&&&&&&&&&&&&&&
&&&&&&&&&&&&&&&&&&&&&&&&&&&&&&&&&&&&&&&&&&&&&&&&&&
********************************************************************************
*
* Here are all the restaurants that accept Credit Cards:
*	The Ivory House
*	Russo's
*	Hunan
*	Stringate
*	Beijing
*	Seafood
*	Fisherman
*
********************************************************************************
********************************************************************************
*
* The following restaurants have 3 or more stars:
*	The Ivory House
*	Dragon Inn
*
********************************************************************************
********************************************************************************
*
* Here are the restaurants listed by their ratings:
*	Here are the restaurants with 5 star(s):
*
*	Here are the restaurants with 4 star(s):
*	  The Ivory House
*
*	Here are the restaurants with 3 star(s):
*	  Dragon Inn
*
*	Here are the restaurants with 2 star(s):
*	  Russo's
*	  Hunan
*	  Stringate
*	  Fisherman
*
*	Here are the restaurants with 1 star(s):
*	  Beijing
*	  Banana Cabana
*	  Seafood
*	  El Rancho
*
********************************************************************************
********************************************************************************
*
* The following restaurants accept reservations:
*	The Ivory House
*	Russo's
*
********************************************************************************
********************************************************************************
*
* The following restaurants serve health food:
*	The Ivory House
*	Stringate
*
********************************************************************************
********************************************************************************
*
* The following restaurants serve chinese food:
*	Hunan
*	Dragon Inn
*
********************************************************************************
********************************************************************************
*
* The following restaurants serve seafood food:
*	Beijing
*	Seafood
*	Fisherman
*
********************************************************************************
